TN:
SF:src\lib\httpClient.ts
FN:1,handleResponse
FN:15,httpClient
FNF:2
FNH:2
FNDA:10,handleResponse
FNDA:11,httpClient
DA:1,10
DA:2,10
DA:3,1
DA:4,1
DA:5,1
DA:6,1
DA:7,10
DA:8,2
DA:9,2
DA:10,2
DA:11,10
DA:12,6
DA:13,6
DA:15,11
DA:16,11
DA:17,11
DA:18,11
DA:19,11
DA:20,11
DA:21,11
DA:22,1
DA:23,1
DA:25,11
DA:26,11
DA:27,11
DA:28,11
DA:29,1
DA:30,1
DA:31,10
DA:32,10
LF:30
LH:30
BRDA:1,0,0,10
BRDA:2,1,0,1
BRDA:6,2,0,9
BRDA:7,3,0,2
BRDA:9,4,0,1
BRDA:10,5,0,7
BRDA:11,6,0,1
BRDA:11,7,0,6
BRDA:15,8,0,11
BRDA:18,9,0,1
BRDA:18,10,0,10
BRDA:21,11,0,1
BRDA:27,12,0,10
BRDA:28,13,0,1
BRDA:30,14,0,10
BRF:15
BRH:15
end_of_record
TN:
SF:src\modules\auth\components\LoginForm.tsx
FN:13,LoginForm
FNF:1
FNH:1
FNDA:15,LoginForm
DA:1,1
DA:6,1
DA:7,1
DA:8,1
DA:9,1
DA:13,1
DA:14,15
DA:15,15
DA:16,15
DA:17,15
DA:18,15
DA:20,15
DA:22,15
DA:23,15
DA:24,15
DA:25,15
DA:27,15
DA:28,15
DA:29,15
DA:30,15
DA:31,15
DA:32,15
DA:33,15
DA:34,15
DA:35,15
DA:36,1
DA:37,1
DA:38,1
DA:40,15
DA:42,15
DA:43,15
DA:45,15
DA:46,15
DA:47,15
DA:48,15
DA:49,15
DA:50,15
DA:51,15
DA:52,15
DA:53,15
DA:54,15
DA:55,1
DA:56,1
DA:57,1
DA:59,15
DA:61,15
DA:62,4
DA:63,4
DA:64,4
DA:66,4
DA:67,4
DA:70,15
DA:71,15
DA:72,15
DA:73,15
DA:75,15
DA:76,15
DA:77,15
DA:79,15
LF:59
LH:59
BRDA:13,0,0,15
BRDA:35,1,0,1
BRDA:54,2,0,1
BRDA:61,3,0,4
BRDA:66,4,0,2
BRDA:66,5,0,2
BRDA:73,6,0,2
BRDA:73,7,0,13
BRDA:75,8,0,2
BRDA:75,9,0,13
BRDA:23,10,0,1
BRF:11
BRH:11
end_of_record
TN:
SF:src\modules\catalog\components\ProductList.tsx
FN:18,ProductList
FN:71,onClick
FNF:2
FNH:2
FNDA:8,ProductList
FNDA:1,onClick
DA:1,1
DA:12,1
DA:13,1
DA:14,1
DA:15,1
DA:16,1
DA:18,1
DA:19,8
DA:21,8
DA:22,1
DA:23,1
DA:24,1
DA:25,1
DA:26,1
DA:28,1
DA:29,1
DA:31,1
DA:33,8
DA:34,1
DA:35,1
DA:36,1
DA:37,1
DA:38,1
DA:40,1
DA:42,8
DA:43,1
DA:44,1
DA:46,1
DA:48,5
DA:49,5
DA:50,5
DA:51,5
DA:52,5
DA:53,5
DA:54,5
DA:55,5
DA:56,5
DA:57,5
DA:58,5
DA:59,5
DA:60,5
DA:61,5
DA:62,5
DA:63,5
DA:64,5
DA:65,5
DA:66,5
DA:67,5
DA:68,5
DA:69,5
DA:70,2
DA:71,2
DA:72,2
DA:73,2
DA:74,2
DA:75,2
DA:76,2
DA:77,2
DA:78,2
DA:79,2
DA:80,2
DA:81,2
DA:83,2
DA:85,5
DA:86,5
DA:87,5
DA:88,5
DA:89,5
DA:91,5
LF:69
LH:69
BRDA:18,0,0,8
BRDA:21,1,0,1
BRDA:31,2,0,7
BRDA:33,3,0,1
BRDA:40,4,0,6
BRDA:42,5,0,1
BRDA:46,6,0,5
BRDA:60,7,0,5
BRDA:67,8,0,1
BRDA:69,9,0,2
BRDA:69,10,0,2
BRDA:71,11,0,1
BRF:12
BRH:12
end_of_record
TN:
SF:src\modules\inventory\components\InventoryTable.tsx
FN:16,quantityColor
FN:22,InventoryTable
FNF:2
FNH:2
FNDA:6,quantityColor
FNDA:8,InventoryTable
DA:1,1
DA:10,1
DA:11,1
DA:12,1
DA:13,1
DA:14,1
DA:16,6
DA:17,6
DA:18,6
DA:19,4
DA:20,4
DA:22,1
DA:23,8
DA:24,1
DA:25,1
DA:26,1
DA:28,1
DA:30,1
DA:32,8
DA:33,1
DA:34,1
DA:35,1
DA:36,1
DA:37,1
DA:39,1
DA:41,8
DA:42,1
DA:43,1
DA:45,5
DA:46,5
DA:47,5
DA:48,5
DA:49,5
DA:50,5
DA:51,5
DA:52,5
DA:53,5
DA:54,5
DA:55,5
DA:56,6
DA:57,6
DA:58,6
DA:59,6
DA:60,6
DA:61,6
DA:62,6
DA:63,5
DA:64,5
DA:65,5
DA:67,5
LF:50
LH:50
BRDA:16,0,0,6
BRDA:17,1,0,1
BRDA:17,2,0,5
BRDA:18,3,0,1
BRDA:18,4,0,4
BRDA:22,5,0,8
BRDA:23,6,0,1
BRDA:30,7,0,7
BRDA:32,8,0,1
BRDA:39,9,0,6
BRDA:41,10,0,1
BRDA:43,11,0,5
BRDA:55,12,0,6
BRF:13
BRH:13
end_of_record
TN:
SF:src\modules\notifications\components\NotificationList.tsx
FN:38,fmtDate
FN:41,NotificationList
FN:123,onClick
FN:139,onClick
FNF:4
FNH:4
FNDA:13,fmtDate
FNDA:12,NotificationList
FNDA:1,onClick
FNDA:1,onClick
DA:1,1
DA:14,1
DA:15,1
DA:16,1
DA:17,1
DA:18,1
DA:19,1
DA:20,1
DA:22,1
DA:23,1
DA:24,1
DA:25,1
DA:26,1
DA:27,1
DA:28,1
DA:30,1
DA:31,1
DA:32,1
DA:33,1
DA:34,1
DA:35,1
DA:36,1
DA:38,1
DA:39,13
DA:41,1
DA:42,12
DA:43,12
DA:44,12
DA:45,12
DA:46,12
DA:47,12
DA:48,12
DA:49,12
DA:50,12
DA:51,12
DA:53,12
DA:54,1
DA:55,1
DA:56,1
DA:57,1
DA:59,1
DA:60,1
DA:62,1
DA:64,12
DA:65,1
DA:66,1
DA:68,9
DA:69,9
DA:70,9
DA:71,13
DA:72,13
DA:73,13
DA:74,13
DA:75,13
DA:76,13
DA:77,13
DA:78,13
DA:79,13
DA:80,13
DA:81,13
DA:82,13
DA:83,13
DA:84,13
DA:85,13
DA:88,13
DA:89,13
DA:90,13
DA:91,13
DA:92,13
DA:93,13
DA:94,13
DA:95,13
DA:96,13
DA:97,13
DA:98,13
DA:99,13
DA:101,13
DA:102,13
DA:105,13
DA:106,13
DA:107,13
DA:108,13
DA:109,13
DA:110,13
DA:111,13
DA:112,13
DA:114,13
DA:115,13
DA:116,13
DA:117,13
DA:120,13
DA:121,13
DA:122,12
DA:123,12
DA:124,12
DA:125,12
DA:126,12
DA:127,12
DA:128,12
DA:129,12
DA:130,12
DA:131,12
DA:132,12
DA:133,12
DA:134,12
DA:136,12
DA:138,13
DA:139,13
DA:140,13
DA:141,13
DA:142,13
DA:143,13
DA:144,13
DA:145,13
DA:146,13
DA:147,13
DA:148,13
DA:149,13
DA:150,13
DA:151,13
DA:153,13
DA:154,13
DA:155,13
DA:157,9
DA:158,9
DA:160,9
LF:126
LH:126
BRDA:38,0,0,13
BRDA:41,1,0,12
BRDA:51,2,0,1
BRDA:51,3,0,11
BRDA:53,4,0,1
BRDA:62,5,0,10
BRDA:64,6,0,1
BRDA:66,7,0,9
BRDA:70,8,0,13
BRDA:72,9,0,12
BRDA:72,10,0,1
BRDA:78,11,0,12
BRDA:78,12,0,1
BRDA:110,13,0,12
BRDA:110,14,0,1
BRDA:121,15,0,12
BRDA:128,16,0,1
BRDA:128,17,0,11
BRDA:145,18,0,1
BRDA:145,19,0,12
BRDA:123,20,0,1
BRDA:139,21,0,1
BRF:22
BRH:22
end_of_record
TN:
SF:src\modules\purchases\components\PurchaseList.tsx
FN:25,fmtDate
FN:28,PurchaseList
FN:71,onClick
FNF:3
FNH:3
FNDA:6,fmtDate
FNDA:9,PurchaseList
FNDA:1,onClick
DA:1,1
DA:12,1
DA:13,1
DA:14,1
DA:15,1
DA:16,1
DA:18,1
DA:19,1
DA:20,1
DA:21,1
DA:22,1
DA:24,1
DA:25,1
DA:26,6
DA:28,1
DA:29,9
DA:31,9
DA:32,1
DA:33,1
DA:34,1
DA:35,1
DA:36,1
DA:38,1
DA:40,9
DA:41,1
DA:42,1
DA:44,6
DA:45,6
DA:46,6
DA:47,6
DA:48,6
DA:49,6
DA:50,6
DA:51,6
DA:52,6
DA:53,6
DA:54,9
DA:55,9
DA:56,9
DA:57,9
DA:58,9
DA:59,6
DA:60,6
DA:61,6
DA:62,6
DA:63,6
DA:64,6
DA:65,6
DA:66,6
DA:67,6
DA:68,3
DA:69,3
DA:70,2
DA:71,2
DA:72,2
DA:73,2
DA:74,2
DA:75,2
DA:76,2
DA:77,2
DA:78,2
DA:79,2
DA:80,2
DA:81,2
DA:83,2
DA:85,3
DA:87,6
DA:89,9
DA:90,9
DA:91,9
DA:92,9
DA:94,9
LF:72
LH:72
BRDA:25,0,0,6
BRDA:26,1,0,5
BRDA:26,2,0,1
BRDA:28,3,0,9
BRDA:29,4,0,1
BRDA:29,5,0,8
BRDA:31,6,0,1
BRDA:38,7,0,7
BRDA:40,8,0,1
BRDA:42,9,0,6
BRDA:54,10,0,3
BRDA:58,11,0,6
BRDA:67,12,0,3
BRDA:69,13,0,2
BRDA:71,14,0,1
BRF:15
BRH:15
end_of_record
TN:
SF:src\modules\refunds\components\RefundList.tsx
FN:28,fmtDate
FN:31,RefundList
FN:82,onClick
FN:97,onClick
FNF:4
FNH:4
FNDA:8,fmtDate
FNDA:11,RefundList
FNDA:1,onClick
FNDA:1,onClick
DA:1,1
DA:15,1
DA:16,1
DA:17,1
DA:18,1
DA:19,1
DA:21,1
DA:22,1
DA:23,1
DA:24,1
DA:25,1
DA:27,1
DA:28,1
DA:29,8
DA:31,1
DA:32,11
DA:33,11
DA:34,11
DA:35,11
DA:37,11
DA:38,1
DA:39,1
DA:40,1
DA:41,1
DA:42,1
DA:44,1
DA:46,11
DA:47,1
DA:48,1
DA:50,8
DA:51,8
DA:52,8
DA:53,8
DA:54,8
DA:55,8
DA:56,8
DA:57,8
DA:58,8
DA:59,8
DA:60,8
DA:61,11
DA:62,11
DA:63,11
DA:64,11
DA:65,11
DA:66,8
DA:67,8
DA:68,8
DA:69,8
DA:70,8
DA:71,8
DA:72,8
DA:73,8
DA:74,8
DA:75,8
DA:76,8
DA:77,8
DA:78,6
DA:79,6
DA:80,5
DA:81,5
DA:82,5
DA:83,5
DA:84,5
DA:85,5
DA:86,5
DA:87,5
DA:88,5
DA:89,5
DA:90,5
DA:91,5
DA:92,5
DA:93,5
DA:95,5
DA:96,5
DA:97,5
DA:98,5
DA:99,5
DA:100,5
DA:101,5
DA:102,5
DA:103,5
DA:104,5
DA:105,5
DA:106,5
DA:107,5
DA:108,5
DA:110,5
DA:111,5
DA:113,6
DA:115,8
DA:117,11
DA:118,11
DA:119,11
DA:120,11
DA:122,11
LF:96
LH:96
BRDA:28,0,0,8
BRDA:31,1,0,11
BRDA:35,2,0,1
BRDA:35,3,0,10
BRDA:37,4,0,1
BRDA:44,5,0,9
BRDA:46,6,0,1
BRDA:48,7,0,8
BRDA:61,8,0,6
BRDA:65,9,0,8
BRDA:77,10,0,6
BRDA:79,11,0,5
BRDA:87,12,0,1
BRDA:87,13,0,4
BRDA:102,14,0,1
BRDA:102,15,0,4
BRDA:82,16,0,1
BRDA:97,17,0,1
BRF:18
BRH:18
end_of_record
TN:
SF:src\modules\reports\components\MonthlyReportTable.tsx
FN:25,fmtDate
FN:28,MonthlyReportTable
FNF:2
FNH:2
FNDA:7,fmtDate
FNDA:8,MonthlyReportTable
DA:1,1
DA:10,1
DA:11,1
DA:12,1
DA:13,1
DA:14,1
DA:16,1
DA:17,1
DA:18,1
DA:19,1
DA:20,1
DA:21,1
DA:22,1
DA:24,1
DA:25,1
DA:26,7
DA:28,1
DA:29,8
DA:31,8
DA:32,1
DA:33,1
DA:34,1
DA:35,1
DA:36,1
DA:38,1
DA:40,8
DA:41,1
DA:42,1
DA:44,5
DA:45,5
DA:46,5
DA:48,5
DA:49,5
DA:50,5
DA:51,5
DA:52,5
DA:53,5
DA:54,5
DA:55,5
DA:56,5
DA:57,5
DA:58,5
DA:59,5
DA:60,5
DA:61,5
DA:62,5
DA:63,5
DA:64,7
DA:65,7
DA:66,7
DA:67,7
DA:68,7
DA:69,7
DA:70,7
DA:71,7
DA:72,7
DA:73,7
DA:74,7
DA:75,5
DA:76,5
DA:77,5
DA:78,5
DA:79,5
DA:80,5
DA:81,5
DA:82,8
DA:83,8
DA:84,8
DA:85,8
DA:86,8
DA:87,8
DA:88,8
DA:89,8
DA:91,8
LF:74
LH:74
BRDA:25,0,0,7
BRDA:28,1,0,8
BRDA:29,2,0,1
BRDA:29,3,0,7
BRDA:31,4,0,1
BRDA:38,5,0,6
BRDA:40,6,0,1
BRDA:42,7,0,5
BRDA:82,8,0,4
BRDA:82,9,0,1
BRDA:44,10,0,7
BRDA:45,11,0,7
BRDA:46,12,0,7
BRDA:63,13,0,7
BRDA:70,14,0,6
BRDA:70,15,0,1
BRF:16
BRH:16
end_of_record
TN:
SF:src\modules\reports\components\PivotTable.tsx
FN:29,PivotTable
FNF:1
FNH:1
FNDA:9,PivotTable
DA:1,1
DA:11,1
DA:13,1
DA:14,1
DA:15,1
DA:16,1
DA:17,1
DA:18,1
DA:20,1
DA:21,1
DA:22,1
DA:23,1
DA:24,1
DA:25,1
DA:26,1
DA:27,1
DA:29,1
DA:30,9
DA:31,2
DA:32,2
DA:34,2
DA:36,2
DA:37,9
DA:38,9
DA:39,1
DA:40,1
DA:41,1
DA:42,1
DA:43,1
DA:45,1
DA:46,9
DA:49,4
DA:50,4
DA:53,4
DA:54,9
DA:55,8
DA:56,8
DA:57,8
DA:58,8
DA:60,4
DA:61,9
DA:62,6
DA:63,6
DA:64,6
DA:66,4
DA:67,9
DA:68,7
DA:69,7
DA:70,7
DA:72,4
DA:74,4
DA:75,4
DA:76,4
DA:77,4
DA:78,4
DA:79,4
DA:80,4
DA:81,6
DA:82,4
DA:83,4
DA:84,4
DA:85,4
DA:86,4
DA:87,4
DA:88,7
DA:89,7
DA:90,7
DA:91,10
DA:92,10
DA:93,10
DA:94,10
DA:95,10
DA:97,7
DA:98,7
DA:99,7
DA:100,4
DA:101,4
DA:102,4
DA:103,4
DA:104,4
DA:105,4
DA:106,6
DA:107,4
DA:108,4
DA:109,4
DA:110,4
DA:111,4
DA:112,4
DA:114,4
LF:89
LH:89
BRDA:29,0,0,9
BRDA:30,1,0,2
BRDA:36,2,0,7
BRDA:37,3,0,1
BRDA:37,4,0,6
BRDA:38,5,0,1
BRDA:45,6,0,5
BRDA:46,7,0,1
BRDA:46,8,0,4
BRDA:54,9,0,8
BRDA:55,10,0,7
BRDA:58,11,0,4
BRDA:61,12,0,6
BRDA:64,13,0,4
BRDA:67,14,0,7
BRDA:70,15,0,4
BRDA:49,16,0,8
BRDA:50,17,0,8
BRDA:62,18,0,10
BRDA:62,19,0,2
BRDA:68,20,0,10
BRDA:68,21,0,2
BRDA:72,22,0,6
BRDA:72,23,0,0
BRDA:80,24,0,6
BRDA:87,25,0,7
BRDA:98,26,0,0
BRDA:90,27,0,10
BRDA:91,28,0,2
BRDA:93,29,0,2
BRDA:93,30,0,8
BRDA:94,31,0,2
BRDA:94,32,0,8
BRDA:105,33,0,6
BRDA:106,34,0,0
BRF:35
BRH:32
end_of_record
TN:
SF:src\modules\sales\components\SaleHistory.tsx
FN:18,statusLabel
FN:25,fmtDate
FN:27,SaleHistory
FN:65,onClick
FNF:4
FNH:4
FNDA:6,statusLabel
FNDA:6,fmtDate
FNDA:8,SaleHistory
FNDA:1,onClick
DA:1,1
DA:12,1
DA:13,1
DA:14,1
DA:15,1
DA:16,1
DA:18,6
DA:19,6
DA:20,2
DA:21,0
DA:22,0
DA:24,1
DA:25,1
DA:27,1
DA:28,8
DA:29,7
DA:30,1
DA:31,1
DA:32,1
DA:33,1
DA:35,8
DA:37,5
DA:38,5
DA:39,5
DA:40,5
DA:41,5
DA:42,5
DA:43,5
DA:44,5
DA:45,5
DA:46,5
DA:47,5
DA:48,5
DA:49,5
DA:50,5
DA:51,5
DA:52,5
DA:53,6
DA:54,6
DA:55,6
DA:56,6
DA:57,6
DA:58,6
DA:59,6
DA:60,6
DA:61,6
DA:62,6
DA:63,6
DA:64,4
DA:65,4
DA:66,4
DA:67,4
DA:68,4
DA:69,4
DA:70,4
DA:71,4
DA:72,4
DA:73,4
DA:74,4
DA:75,4
DA:76,4
DA:78,4
DA:80,6
DA:81,6
DA:83,5
DA:84,5
DA:85,5
DA:86,5
DA:88,5
LF:69
LH:67
BRDA:18,0,0,6
BRDA:19,1,0,4
BRDA:19,2,0,2
BRDA:20,3,0,0
BRDA:25,4,0,6
BRDA:27,5,0,8
BRDA:28,6,0,1
BRDA:28,7,0,7
BRDA:29,8,0,1
BRDA:33,9,0,6
BRDA:35,10,0,1
BRDA:35,11,0,5
BRDA:52,12,0,6
BRDA:63,13,0,4
BRDA:70,14,0,1
BRDA:70,15,0,3
BRDA:65,16,0,1
BRF:17
BRH:16
end_of_record
