TN:
SF:src\lib\AppError.ts
FN:2,AppError
FNF:1
FNH:1
FNDA:31,AppError
DA:1,1
DA:2,1
DA:3,31
DA:4,31
DA:5,31
DA:6,31
DA:7,31
DA:8,31
DA:9,1
LF:9
LH:9
BRDA:2,0,0,31
BRF:1
BRH:1
end_of_record
TN:
SF:src\modules\auth\application\Login.ts
FN:7,Login
FN:12,execute
FNF:2
FNH:2
FNDA:1,Login
FNDA:5,execute
DA:1,1
DA:6,1
DA:7,1
DA:8,1
DA:9,1
DA:10,1
DA:12,1
DA:15,5
DA:16,5
DA:18,5
DA:19,2
DA:20,2
DA:22,3
DA:24,5
DA:25,1
DA:26,1
DA:28,2
DA:29,2
DA:30,2
DA:31,2
DA:32,2
DA:34,2
DA:35,2
DA:36,2
DA:37,2
DA:38,2
DA:40,2
DA:41,5
DA:42,1
LF:29
LH:29
BRDA:7,0,0,1
BRDA:12,1,0,5
BRDA:18,2,0,2
BRDA:20,3,0,3
BRDA:24,4,0,1
BRDA:26,5,0,2
BRF:6
BRH:6
end_of_record
TN:
SF:src\modules\exports\application\DownloadCSV.ts
FN:4,escapeCsv
FN:15,DownloadCSV
FN:17,execute
FNF:3
FNH:3
FNDA:12,escapeCsv
FNDA:1,DownloadCSV
FNDA:8,execute
DA:1,1
DA:4,12
DA:5,12
DA:6,12
DA:7,2
DA:8,2
DA:9,10
DA:10,10
DA:12,1
DA:14,1
DA:15,1
DA:17,1
DA:21,8
DA:22,8
DA:23,8
DA:24,3
DA:25,8
DA:26,2
DA:27,2
DA:29,6
DA:30,6
DA:31,6
DA:32,6
DA:33,6
DA:35,6
DA:37,6
DA:38,4
DA:39,4
DA:40,4
DA:41,4
DA:42,4
DA:43,4
DA:44,4
DA:45,4
DA:46,4
DA:47,6
DA:49,6
DA:50,8
DA:51,1
LF:39
LH:39
BRDA:4,0,0,12
BRDA:6,1,0,11
BRDA:6,2,0,10
BRDA:6,3,0,2
BRDA:8,4,0,10
BRDA:15,5,0,1
BRDA:17,6,0,8
BRDA:23,7,0,3
BRDA:25,8,0,2
BRDA:27,9,0,6
BRDA:37,10,0,4
BRF:11
BRH:11
end_of_record
TN:
SF:src\modules\exports\application\GetAggregateTotals.ts
FN:8,GetAggregateTotals
FN:10,execute
FNF:2
FNH:2
FNDA:1,GetAggregateTotals
FNDA:7,execute
DA:1,1
DA:5,1
DA:7,1
DA:8,1
DA:10,1
DA:13,7
DA:14,7
DA:15,7
DA:16,5
DA:17,7
DA:18,2
DA:19,2
DA:21,5
DA:22,5
DA:23,5
DA:24,5
DA:28,5
DA:30,5
DA:31,7
DA:32,1
LF:20
LH:20
BRDA:8,0,0,1
BRDA:10,1,0,7
BRDA:15,2,0,5
BRDA:17,3,0,2
BRDA:19,4,0,5
BRF:5
BRH:5
end_of_record
TN:
SF:src\modules\exports\application\GetPivotReport.ts
FN:6,GetPivotReport
FN:8,execute
FNF:2
FNH:2
FNDA:1,GetPivotReport
FNDA:6,execute
DA:1,1
DA:5,1
DA:6,1
DA:8,1
DA:9,6
DA:10,1
DA:11,1
DA:12,6
DA:13,1
DA:14,1
DA:15,4
DA:16,4
DA:17,4
DA:18,4
DA:19,4
DA:20,6
DA:21,1
LF:17
LH:17
BRDA:6,0,0,1
BRDA:8,1,0,6
BRDA:9,2,0,1
BRDA:11,3,0,5
BRDA:12,4,0,1
BRDA:14,5,0,4
BRF:6
BRH:6
end_of_record
TN:
SF:src\modules\exports\domain\PivotDimension.ts
FN:7,isValidRowDimension
FN:11,isValidColDimension
FNF:2
FNH:2
FNDA:6,isValidRowDimension
FNDA:5,isValidColDimension
DA:4,1
DA:5,1
DA:7,1
DA:8,6
DA:9,6
DA:11,1
DA:12,5
DA:13,5
LF:8
LH:8
BRDA:7,0,0,6
BRDA:11,1,0,5
BRF:2
BRH:2
end_of_record
TN:
SF:src\modules\inventory\application\AdjustStock.ts
FN:13,AdjustStock
FN:15,execute
FNF:2
FNH:2
FNDA:1,AdjustStock
FNDA:4,execute
DA:1,1
DA:12,1
DA:13,1
DA:15,1
DA:16,4
DA:18,4
DA:19,3
DA:20,3
DA:22,3
DA:23,1
DA:24,1
DA:25,2
DA:26,4
DA:27,1
DA:28,1
DA:31,3
DA:32,4
DA:33,1
LF:18
LH:18
BRDA:13,0,0,1
BRDA:15,1,0,4
BRDA:18,2,0,3
BRDA:22,3,0,1
BRDA:24,4,0,2
BRDA:26,5,0,1
BRDA:28,6,0,3
BRF:7
BRH:7
end_of_record
TN:
SF:src\modules\inventory\domain\InventoryStock.ts
FN:2,InventoryStock
FN:8,canDecrement
FNF:2
FNH:2
FNDA:7,InventoryStock
FNDA:7,canDecrement
DA:1,1
DA:2,1
DA:3,7
DA:4,7
DA:5,7
DA:6,7
DA:8,1
DA:9,7
DA:10,7
DA:11,1
LF:10
LH:10
BRDA:2,0,0,7
BRDA:8,1,0,7
BRF:2
BRH:2
end_of_record
TN:
SF:src\modules\notifications\application\BroadcastNotification.ts
FN:9,BroadcastNotification
FN:14,execute
FNF:2
FNH:2
FNDA:1,BroadcastNotification
FNDA:8,execute
DA:1,1
DA:6,1
DA:8,1
DA:9,1
DA:10,1
DA:11,1
DA:12,1
DA:14,1
DA:15,8
DA:16,1
DA:17,1
DA:18,7
DA:19,8
DA:20,6
DA:21,8
DA:22,1
LF:16
LH:16
BRDA:9,0,0,1
BRDA:14,1,0,8
BRDA:15,2,0,1
BRDA:17,3,0,7
BRDA:19,4,0,1
BRDA:19,5,0,6
BRF:6
BRH:6
end_of_record
TN:
SF:src\modules\notifications\application\DeleteNotification.ts
FN:5,DeleteNotification
FN:7,execute
FNF:2
FNH:2
FNDA:1,DeleteNotification
FNDA:4,execute
DA:1,1
DA:4,1
DA:5,1
DA:7,1
DA:8,4
DA:9,4
DA:10,1
DA:11,4
DA:12,1
LF:9
LH:9
BRDA:5,0,0,1
BRDA:7,1,0,4
BRDA:9,2,0,3
BRDA:9,3,0,1
BRF:4
BRH:4
end_of_record
TN:
SF:src\modules\notifications\application\MarkAsRead.ts
FN:5,MarkAsRead
FN:7,execute
FNF:2
FNH:2
FNDA:1,MarkAsRead
FNDA:4,execute
DA:1,1
DA:4,1
DA:5,1
DA:7,1
DA:8,4
DA:9,4
DA:10,1
DA:11,4
DA:12,1
LF:9
LH:9
BRDA:5,0,0,1
BRDA:7,1,0,4
BRDA:9,2,0,3
BRDA:9,3,0,1
BRF:4
BRH:4
end_of_record
TN:
SF:src\modules\purchases\application\ReconcilePurchase.ts
FN:6,ReconcilePurchase
FN:8,execute
FNF:2
FNH:2
FNDA:1,ReconcilePurchase
FNDA:4,execute
DA:1,1
DA:5,1
DA:6,1
DA:8,1
DA:9,4
DA:10,4
DA:11,4
DA:12,2
DA:13,4
DA:14,1
LF:10
LH:10
BRDA:6,0,0,1
BRDA:8,1,0,4
BRDA:10,2,0,1
BRDA:10,3,0,3
BRDA:11,4,0,1
BRDA:11,5,0,2
BRF:6
BRH:6
end_of_record
TN:
SF:src\modules\refunds\application\ApproveRefund.ts
FN:6,ApproveRefund
FN:8,execute
FNF:2
FNH:2
FNDA:1,ApproveRefund
FNDA:5,execute
DA:1,1
DA:5,1
DA:6,1
DA:8,1
DA:9,5
DA:10,5
DA:11,5
DA:12,1
DA:13,5
DA:14,1
LF:10
LH:10
BRDA:6,0,0,1
BRDA:8,1,0,5
BRDA:10,2,0,1
BRDA:10,3,0,4
BRDA:11,4,0,3
BRDA:11,5,0,1
BRF:6
BRH:6
end_of_record
TN:
SF:src\modules\refunds\application\CreateRefund.ts
FN:8,CreateRefund
FN:13,execute
FNF:2
FNH:2
FNDA:1,CreateRefund
FNDA:4,execute
DA:1,1
DA:7,1
DA:8,1
DA:9,1
DA:10,1
DA:11,1
DA:13,1
DA:14,4
DA:15,4
DA:17,2
DA:18,2
DA:20,2
DA:21,2
DA:22,2
DA:23,2
DA:24,2
DA:25,2
DA:26,4
DA:27,1
LF:19
LH:19
BRDA:8,0,0,1
BRDA:13,1,0,4
BRDA:15,2,0,2
BRDA:17,3,0,2
BRF:4
BRH:4
end_of_record
TN:
SF:src\modules\refunds\application\RejectRefund.ts
FN:6,RejectRefund
FN:8,execute
FNF:2
FNH:2
FNDA:1,RejectRefund
FNDA:4,execute
DA:1,1
DA:5,1
DA:6,1
DA:8,1
DA:9,4
DA:10,4
DA:11,4
DA:12,1
DA:13,4
DA:14,1
LF:10
LH:10
BRDA:6,0,0,1
BRDA:8,1,0,4
BRDA:10,2,0,1
BRDA:10,3,0,3
BRDA:11,4,0,2
BRDA:11,5,0,1
BRF:6
BRH:6
end_of_record
TN:
SF:src\modules\refunds\domain\Refund.ts
FN:4,Refund
FN:15,isPending
FNF:2
FNH:2
FNDA:9,Refund
FNDA:7,isPending
DA:3,1
DA:4,1
DA:5,9
DA:6,9
DA:7,9
DA:8,9
DA:9,9
DA:10,9
DA:11,9
DA:12,9
DA:13,9
DA:15,1
DA:16,7
DA:17,7
DA:18,1
LF:15
LH:15
BRDA:4,0,0,9
BRDA:15,1,0,7
BRF:2
BRH:2
end_of_record
TN:
SF:src\modules\sales\application\ReturnSale.ts
FN:9,ReturnSale
FN:14,execute
FNF:2
FNH:2
FNDA:1,ReturnSale
FNDA:6,execute
DA:1,1
DA:6,1
DA:8,1
DA:9,1
DA:10,1
DA:11,1
DA:12,1
DA:14,1
DA:15,6
DA:17,6
DA:18,2
DA:19,2
DA:20,6
DA:21,2
DA:22,2
DA:25,2
DA:26,2
DA:27,2
DA:29,2
DA:32,2
DA:33,6
DA:34,1
LF:22
LH:22
BRDA:9,0,0,1
BRDA:14,1,0,6
BRDA:17,2,0,2
BRDA:19,3,0,4
BRDA:20,4,0,2
BRF:5
BRH:5
end_of_record
TN:
SF:src\modules\sales\domain\Sale.ts
FN:6,Sale
FN:18,isReturnable
FNF:2
FNH:2
FNDA:8,Sale
FNDA:4,isReturnable
DA:5,1
DA:6,1
DA:7,8
DA:8,8
DA:9,8
DA:10,8
DA:11,8
DA:12,8
DA:13,8
DA:14,8
DA:15,8
DA:16,8
DA:18,1
DA:19,4
DA:20,4
DA:21,1
LF:16
LH:16
BRDA:6,0,0,8
BRDA:18,1,0,4
BRF:2
BRH:2
end_of_record
TN:
SF:src\modules\sales\domain\SaleItem.ts
FN:2,SaleItem
FNF:1
FNH:1
FNDA:4,SaleItem
DA:1,1
DA:2,1
DA:3,4
DA:4,4
DA:5,4
DA:6,4
DA:7,4
DA:8,1
LF:8
LH:8
BRDA:2,0,0,4
BRF:1
BRH:1
end_of_record
